GROUP,PACKAGE,CLASS,INSTRUCTION_MISSED,INSTRUCTION_COVERED,BRANCH_MISSED,BRANCH_COVERED,LINE_MISSED,LINE_COVERED,COMPLEXITY_MISSED,COMPLEXITY_COVERED,METHOD_MISSED,METHOD_COVERED
petition,models,petition,3,0,0,0,1,0,1,0,1,0
petition,perretpy,HelloAppEngine,0,87,0,0,0,12,0,3,0,3
petition,perretpy,UsersServlet,58,0,2,0,14,0,3,0,2,0
petition,perretpy,PopulateServlet,594,0,18,0,95,0,12,0,3,0
petition,perretpy,PetitionEndpoint,817,0,42,0,184,0,32,0,11,0
petition,perretpy,Queries,460,0,12,0,69,0,8,0,2,0
petition,perretpy,Petition,24,0,0,0,10,0,7,0,7,0
