GROUP,PACKAGE,CLASS,INSTRUCTION_MISSED,INSTRUCTION_COVERED,BRANCH_MISSED,BRANCH_COVERED,LINE_MISSED,LINE_COVERED,COMPLEXITY_MISSED,COMPLEXITY_COVERED,METHOD_MISSED,METHOD_COVERED
petition,models,petition,3,0,0,0,1,0,1,0,1,0
petition,perretpy,HelloAppEngine,0,87,0,0,0,12,0,3,0,3
petition,perretpy,UsersServlet,56,0,2,0,19,0,3,0,2,0
petition,perretpy,PopulateServlet,526,0,16,0,80,0,11,0,3,0
petition,perretpy,PetitionEndpoint,312,0,16,0,80,0,14,0,6,0
petition,perretpy,Queries,447,0,12,0,63,0,8,0,2,0
